<?xml version="1.0" encoding="UTF-8"?>
<testng-results ignored="0" total="15" passed="15" failed="0" skipped="0">
  <reporter-output>
  </reporter-output>
  <suite started-at="2023-11-01T18:44:27 GMT" name="flight-reservation" finished-at="2023-11-01T18:45:48 GMT" duration-ms="80664">
    <groups>
    </groups>
    <test started-at="2023-11-01T18:44:27 GMT" name="passengers-count-2" finished-at="2023-11-01T18:45:44 GMT" duration-ms="77314">
      <class name="com.yassine.tests.flightreservation.FlightReservationTest">
        <test-method is-config="true" signature="setDriver(org.testng.ITestContext)[pri:0, instance:com.yassine.tests.flightreservation.FlightReservationTest@2eae8e6e]" started-at="2023-11-01T18:44:27 GMT" name="setDriver" finished-at="2023-11-01T18:44:35 GMT" duration-ms="7402" status="PASS">
          <params>
            <param index="0">
              <value>
                <![CDATA[org.testng.TestRunner@7a6d7e92]]>
              </value>
            </param>
          </params>
          <reporter-output>
          </reporter-output>
        </test-method> <!-- setDriver -->
        <test-method is-config="true" signature="setParameters(java.lang.String)[pri:0, instance:com.yassine.tests.flightreservation.FlightReservationTest@2eae8e6e]" started-at="2023-11-01T18:44:35 GMT" name="setParameters" finished-at="2023-11-01T18:44:35 GMT" depends-on-methods="com.yassine.tests.AbstractTest.setDriver" duration-ms="418" status="PASS">
          <params>
            <param index="0">
              <value>
                <![CDATA[test-data/flight-reservation/2passenger.json]]>
              </value>
            </param>
          </params>
          <reporter-output>
          </reporter-output>
        </test-method> <!-- setParameters -->
        <test-method signature="userRegistrationTest()[pri:0, instance:com.yassine.tests.flightreservation.FlightReservationTest@2eae8e6e]" started-at="2023-11-01T18:44:35 GMT" name="userRegistrationTest" finished-at="2023-11-01T18:45:36 GMT" duration-ms="61428" status="PASS">
          <reporter-output>
          </reporter-output>
        </test-method> <!-- userRegistrationTest -->
        <test-method signature="registrationConfirmationTest()[pri:0, instance:com.yassine.tests.flightreservation.FlightReservationTest@2eae8e6e]" started-at="2023-11-01T18:45:36 GMT" name="registrationConfirmationTest" finished-at="2023-11-01T18:45:38 GMT" depends-on-methods="com.yassine.tests.flightreservation.FlightReservationTest.userRegistrationTest" duration-ms="1149" status="PASS">
          <reporter-output>
          </reporter-output>
        </test-method> <!-- registrationConfirmationTest -->
        <test-method signature="flightSearchTest()[pri:0, instance:com.yassine.tests.flightreservation.FlightReservationTest@2eae8e6e]" started-at="2023-11-01T18:45:38 GMT" name="flightSearchTest" finished-at="2023-11-01T18:45:40 GMT" depends-on-methods="com.yassine.tests.flightreservation.FlightReservationTest.registrationConfirmationTest" duration-ms="2096" status="PASS">
          <reporter-output>
          </reporter-output>
        </test-method> <!-- flightSearchTest -->
        <test-method signature="selectFlightsTest()[pri:0, instance:com.yassine.tests.flightreservation.FlightReservationTest@2eae8e6e]" started-at="2023-11-01T18:45:40 GMT" name="selectFlightsTest" finished-at="2023-11-01T18:45:42 GMT" depends-on-methods="com.yassine.tests.flightreservation.FlightReservationTest.flightSearchTest" duration-ms="2611" status="PASS">
          <reporter-output>
          </reporter-output>
        </test-method> <!-- selectFlightsTest -->
        <test-method signature="flightConfirmationTest()[pri:0, instance:com.yassine.tests.flightreservation.FlightReservationTest@2eae8e6e]" started-at="2023-11-01T18:45:42 GMT" name="flightConfirmationTest" finished-at="2023-11-01T18:45:44 GMT" depends-on-methods="com.yassine.tests.flightreservation.FlightReservationTest.selectFlightsTest" duration-ms="1776" status="PASS">
          <reporter-output>
          </reporter-output>
        </test-method> <!-- flightConfirmationTest -->
        <test-method is-config="true" signature="quitDriver()[pri:0, instance:com.yassine.tests.flightreservation.FlightReservationTest@2eae8e6e]" started-at="2023-11-01T18:45:44 GMT" name="quitDriver" finished-at="2023-11-01T18:45:44 GMT" duration-ms="388" status="PASS">
          <reporter-output>
          </reporter-output>
        </test-method> <!-- quitDriver -->
      </class> <!-- com.yassine.tests.flightreservation.FlightReservationTest -->
    </test> <!-- passengers-count-2 -->
    <test started-at="2023-11-01T18:44:27 GMT" name="passengers-count-1" finished-at="2023-11-01T18:45:48 GMT" duration-ms="80489">
      <class name="com.yassine.tests.flightreservation.FlightReservationTest">
        <test-method is-config="true" signature="setDriver(org.testng.ITestContext)[pri:0, instance:com.yassine.tests.flightreservation.FlightReservationTest@70e9c95d]" started-at="2023-11-01T18:44:27 GMT" name="setDriver" finished-at="2023-11-01T18:44:35 GMT" duration-ms="7401" status="PASS">
          <params>
            <param index="0">
              <value>
                <![CDATA[org.testng.TestRunner@97e93f1]]>
              </value>
            </param>
          </params>
          <reporter-output>
          </reporter-output>
        </test-method> <!-- setDriver -->
        <test-method is-config="true" signature="setParameters(java.lang.String)[pri:0, instance:com.yassine.tests.flightreservation.FlightReservationTest@70e9c95d]" started-at="2023-11-01T18:44:35 GMT" name="setParameters" finished-at="2023-11-01T18:44:35 GMT" depends-on-methods="com.yassine.tests.AbstractTest.setDriver" duration-ms="418" status="PASS">
          <params>
            <param index="0">
              <value>
                <![CDATA[test-data/flight-reservation/1passenger.json]]>
              </value>
            </param>
          </params>
          <reporter-output>
          </reporter-output>
        </test-method> <!-- setParameters -->
        <test-method signature="userRegistrationTest()[pri:0, instance:com.yassine.tests.flightreservation.FlightReservationTest@70e9c95d]" started-at="2023-11-01T18:44:35 GMT" name="userRegistrationTest" finished-at="2023-11-01T18:45:37 GMT" duration-ms="61553" status="PASS">
          <reporter-output>
          </reporter-output>
        </test-method> <!-- userRegistrationTest -->
        <test-method signature="registrationConfirmationTest()[pri:0, instance:com.yassine.tests.flightreservation.FlightReservationTest@70e9c95d]" started-at="2023-11-01T18:45:37 GMT" name="registrationConfirmationTest" finished-at="2023-11-01T18:45:40 GMT" depends-on-methods="com.yassine.tests.flightreservation.FlightReservationTest.userRegistrationTest" duration-ms="3246" status="PASS">
          <reporter-output>
          </reporter-output>
        </test-method> <!-- registrationConfirmationTest -->
        <test-method signature="flightSearchTest()[pri:0, instance:com.yassine.tests.flightreservation.FlightReservationTest@70e9c95d]" started-at="2023-11-01T18:45:40 GMT" name="flightSearchTest" finished-at="2023-11-01T18:45:42 GMT" depends-on-methods="com.yassine.tests.flightreservation.FlightReservationTest.registrationConfirmationTest" duration-ms="2500" status="PASS">
          <reporter-output>
          </reporter-output>
        </test-method> <!-- flightSearchTest -->
        <test-method signature="selectFlightsTest()[pri:0, instance:com.yassine.tests.flightreservation.FlightReservationTest@70e9c95d]" started-at="2023-11-01T18:45:42 GMT" name="selectFlightsTest" finished-at="2023-11-01T18:45:45 GMT" depends-on-methods="com.yassine.tests.flightreservation.FlightReservationTest.flightSearchTest" duration-ms="2804" status="PASS">
          <reporter-output>
          </reporter-output>
        </test-method> <!-- selectFlightsTest -->
        <test-method signature="flightConfirmationTest()[pri:0, instance:com.yassine.tests.flightreservation.FlightReservationTest@70e9c95d]" started-at="2023-11-01T18:45:45 GMT" name="flightConfirmationTest" finished-at="2023-11-01T18:45:47 GMT" depends-on-methods="com.yassine.tests.flightreservation.FlightReservationTest.selectFlightsTest" duration-ms="2245" status="PASS">
          <reporter-output>
          </reporter-output>
        </test-method> <!-- flightConfirmationTest -->
        <test-method is-config="true" signature="quitDriver()[pri:0, instance:com.yassine.tests.flightreservation.FlightReservationTest@70e9c95d]" started-at="2023-11-01T18:45:47 GMT" name="quitDriver" finished-at="2023-11-01T18:45:48 GMT" duration-ms="276" status="PASS">
          <reporter-output>
          </reporter-output>
        </test-method> <!-- quitDriver -->
      </class> <!-- com.yassine.tests.flightreservation.FlightReservationTest -->
    </test> <!-- passengers-count-1 -->
    <test started-at="2023-11-01T18:44:27 GMT" name="passengers-count-3" finished-at="2023-11-01T18:45:48 GMT" duration-ms="80664">
      <class name="com.yassine.tests.flightreservation.FlightReservationTest">
        <test-method is-config="true" signature="setupConfig()[pri:0, instance:com.yassine.tests.flightreservation.FlightReservationTest@470734c3]" started-at="2023-11-01T18:44:27 GMT" name="setupConfig" finished-at="2023-11-01T18:44:27 GMT" duration-ms="12" status="PASS">
          <reporter-output>
          </reporter-output>
        </test-method> <!-- setupConfig -->
        <test-method is-config="true" signature="setDriver(org.testng.ITestContext)[pri:0, instance:com.yassine.tests.flightreservation.FlightReservationTest@470734c3]" started-at="2023-11-01T18:44:27 GMT" name="setDriver" finished-at="2023-11-01T18:44:35 GMT" duration-ms="7402" status="PASS">
          <params>
            <param index="0">
              <value>
                <![CDATA[org.testng.TestRunner@aba625]]>
              </value>
            </param>
          </params>
          <reporter-output>
          </reporter-output>
        </test-method> <!-- setDriver -->
        <test-method is-config="true" signature="setParameters(java.lang.String)[pri:0, instance:com.yassine.tests.flightreservation.FlightReservationTest@470734c3]" started-at="2023-11-01T18:44:35 GMT" name="setParameters" finished-at="2023-11-01T18:44:35 GMT" depends-on-methods="com.yassine.tests.AbstractTest.setDriver" duration-ms="418" status="PASS">
          <params>
            <param index="0">
              <value>
                <![CDATA[test-data/flight-reservation/3passenger.json]]>
              </value>
            </param>
          </params>
          <reporter-output>
          </reporter-output>
        </test-method> <!-- setParameters -->
        <test-method signature="userRegistrationTest()[pri:0, instance:com.yassine.tests.flightreservation.FlightReservationTest@470734c3]" started-at="2023-11-01T18:44:35 GMT" name="userRegistrationTest" finished-at="2023-11-01T18:45:36 GMT" duration-ms="61409" status="PASS">
          <reporter-output>
          </reporter-output>
        </test-method> <!-- userRegistrationTest -->
        <test-method signature="registrationConfirmationTest()[pri:0, instance:com.yassine.tests.flightreservation.FlightReservationTest@470734c3]" started-at="2023-11-01T18:45:36 GMT" name="registrationConfirmationTest" finished-at="2023-11-01T18:45:38 GMT" depends-on-methods="com.yassine.tests.flightreservation.FlightReservationTest.userRegistrationTest" duration-ms="1873" status="PASS">
          <reporter-output>
          </reporter-output>
        </test-method> <!-- registrationConfirmationTest -->
        <test-method signature="flightSearchTest()[pri:0, instance:com.yassine.tests.flightreservation.FlightReservationTest@470734c3]" started-at="2023-11-01T18:45:38 GMT" name="flightSearchTest" finished-at="2023-11-01T18:45:42 GMT" depends-on-methods="com.yassine.tests.flightreservation.FlightReservationTest.registrationConfirmationTest" duration-ms="3995" status="PASS">
          <reporter-output>
          </reporter-output>
        </test-method> <!-- flightSearchTest -->
        <test-method signature="selectFlightsTest()[pri:0, instance:com.yassine.tests.flightreservation.FlightReservationTest@470734c3]" started-at="2023-11-01T18:45:42 GMT" name="selectFlightsTest" finished-at="2023-11-01T18:45:45 GMT" depends-on-methods="com.yassine.tests.flightreservation.FlightReservationTest.flightSearchTest" duration-ms="3053" status="PASS">
          <reporter-output>
          </reporter-output>
        </test-method> <!-- selectFlightsTest -->
        <test-method signature="flightConfirmationTest()[pri:0, instance:com.yassine.tests.flightreservation.FlightReservationTest@470734c3]" started-at="2023-11-01T18:45:45 GMT" name="flightConfirmationTest" finished-at="2023-11-01T18:45:48 GMT" depends-on-methods="com.yassine.tests.flightreservation.FlightReservationTest.selectFlightsTest" duration-ms="2198" status="PASS">
          <reporter-output>
          </reporter-output>
        </test-method> <!-- flightConfirmationTest -->
        <test-method is-config="true" signature="quitDriver()[pri:0, instance:com.yassine.tests.flightreservation.FlightReservationTest@470734c3]" started-at="2023-11-01T18:45:48 GMT" name="quitDriver" finished-at="2023-11-01T18:45:48 GMT" duration-ms="253" status="PASS">
          <reporter-output>
          </reporter-output>
        </test-method> <!-- quitDriver -->
      </class> <!-- com.yassine.tests.flightreservation.FlightReservationTest -->
    </test> <!-- passengers-count-3 -->
  </suite> <!-- flight-reservation -->
</testng-results>
